Build started 12/02/2014 23:56:28.
     1>Project "F:\Programacion\EjercicioAscentio\QueueLib\cppunit-1.13.2\src\cppunit\cppunit_dll.vcxproj" on node 2 (build target(s)).
     1>InitializeBuildStatus:
         Creating ".\DebugDll\cppunit_dll.unsuccessfulbuild" because "AlwaysCreate" was specified.
       ClCompile:
         c:\Program Files (x86)\Microsoft Visual Studio 10.0\VC\bin\CL.exe /c /I..\..\include /Zi /nologo /W3 /WX- /Od /Oy- /D WIN32 /D _DEBUG /D _WINDOWS /D _USRDLL /D CPPUNIT_BUILD_DLL /D _VC80_UPGRADE=0x0600 /D _WINDLL /D _MBCS /Gm /EHsc /RTC1 /MDd /GS /fp:precise /Zc:wchar_t /Zc:forScope /GR /Fo".\DebugDll/" /Fd".\DebugDll/vc100.pdb" /Gd /TP /analyze- /errorReport:prompt DllMain.cpp RepeatedTest.cpp TestCaseDecorator.cpp TestDecorator.cpp TestSetUp.cpp TestFactoryRegistry.cpp TestNamer.cpp TestSuiteBuilderContext.cpp TypeInfoHelper.cpp AdditionalMessage.cpp Asserter.cpp Exception.cpp Message.cpp SourceLine.cpp SynchronizedObject.cpp Test.cpp TestAssert.cpp TestCase.cpp TestComposite.cpp TestFailure.cpp TestLeaf.cpp TestPath.cpp TestResult.cpp TestRunner.cpp TestSuite.cpp CompilerOutputter.cpp TestResultCollector.cpp TextOutputter.cpp XmlOutputter.cpp XmlOutputterHook.cpp TextTestRunner.cpp BriefTestProgressListener.cpp TestSuccessListener.cpp TextTestProgressListener.cpp TextTestResult.cpp BeosDynamicLibraryManager.cpp DynamicLibraryManager.cpp DynamicLibraryManagerException.cpp PlugInManager.cpp PlugInParameters.cpp TestPlugInDefaultImpl.cpp UnixDynamicLibraryManager.cpp Win32DynamicLibraryManager.cpp StringTools.cpp XmlDocument.cpp XmlElement.cpp DefaultProtector.cpp Protector.cpp ProtectorChain.cpp
         ProtectorChain.cpp
     1>F:\Programacion\EjercicioAscentio\QueueLib\cppunit-1.13.2\include\cppunit/SourceLine.h(56): warning C4251: 'CppUnit::SourceLine::m_fileName' : class 'std::basic_string<_Elem,_Traits,_Ax>' needs to have dll-interface to be used by clients of class 'CppUnit::SourceLine'
                 with
                 [
                     _Elem=char,
                     _Traits=std::char_traits<char>,
                     _Ax=std::allocator<char>
                 ]
         Protector.cpp
     1>F:\Programacion\EjercicioAscentio\QueueLib\cppunit-1.13.2\include\cppunit/SourceLine.h(56): warning C4251: 'CppUnit::SourceLine::m_fileName' : class 'std::basic_string<_Elem,_Traits,_Ax>' needs to have dll-interface to be used by clients of class 'CppUnit::SourceLine'
                 with
                 [
                     _Elem=char,
                     _Traits=std::char_traits<char>,
                     _Ax=std::allocator<char>
                 ]
     1>F:\Programacion\EjercicioAscentio\QueueLib\cppunit-1.13.2\include\cppunit/Exception.h(82): warning C4251: 'CppUnit::Exception::m_whatMessage' : class 'std::basic_string<_Elem,_Traits,_Ax>' needs to have dll-interface to be used by clients of class 'CppUnit::Exception'
                 with
                 [
                     _Elem=char,
                     _Traits=std::char_traits<char>,
                     _Ax=std::allocator<char>
                 ]
     1>f:\programacion\ejercicioascentio\queuelib\cppunit-1.13.2\src\cppunit\ProtectorContext.h(31): warning C4251: 'CppUnit::ProtectorContext::m_shortDescription' : class 'std::basic_string<_Elem,_Traits,_Ax>' needs to have dll-interface to be used by clients of class 'CppUnit::ProtectorContext'
                 with
                 [
                     _Elem=char,
                     _Traits=std::char_traits<char>,
                     _Ax=std::allocator<char>
                 ]
         DefaultProtector.cpp
     1>F:\Programacion\EjercicioAscentio\QueueLib\cppunit-1.13.2\include\cppunit/SourceLine.h(56): warning C4251: 'CppUnit::SourceLine::m_fileName' : class 'std::basic_string<_Elem,_Traits,_Ax>' needs to have dll-interface to be used by clients of class 'CppUnit::SourceLine'
                 with
                 [
                     _Elem=char,
                     _Traits=std::char_traits<char>,
                     _Ax=std::allocator<char>
                 ]
     1>F:\Programacion\EjercicioAscentio\QueueLib\cppunit-1.13.2\include\cppunit/Exception.h(82): warning C4251: 'CppUnit::Exception::m_whatMessage' : class 'std::basic_string<_Elem,_Traits,_Ax>' needs to have dll-interface to be used by clients of class 'CppUnit::Exception'
                 with
                 [
                     _Elem=char,
                     _Traits=std::char_traits<char>,
                     _Ax=std::allocator<char>
                 ]
         XmlElement.cpp
         XmlDocument.cpp
         StringTools.cpp
         Win32DynamicLibraryManager.cpp
         UnixDynamicLibraryManager.cpp
         TestPlugInDefaultImpl.cpp
     1>F:\Programacion\EjercicioAscentio\QueueLib\cppunit-1.13.2\include\cppunit/plugin/PlugInParameters.h(27): warning C4251: 'CppUnit::PlugInParameters::m_commandLine' : class 'std::basic_string<_Elem,_Traits,_Ax>' needs to have dll-interface to be used by clients of class 'CppUnit::PlugInParameters'
                 with
                 [
                     _Elem=char,
                     _Traits=std::char_traits<char>,
                     _Ax=std::allocator<char>
                 ]
         PlugInParameters.cpp
     1>F:\Programacion\EjercicioAscentio\QueueLib\cppunit-1.13.2\include\cppunit/plugin/PlugInParameters.h(27): warning C4251: 'CppUnit::PlugInParameters::m_commandLine' : class 'std::basic_string<_Elem,_Traits,_Ax>' needs to have dll-interface to be used by clients of class 'CppUnit::PlugInParameters'
                 with
                 [
                     _Elem=char,
                     _Traits=std::char_traits<char>,
                     _Ax=std::allocator<char>
                 ]
         PlugInManager.cpp
         DynamicLibraryManagerException.cpp
         DynamicLibraryManager.cpp
         BeosDynamicLibraryManager.cpp
         TextTestResult.cpp
     1>F:\Programacion\EjercicioAscentio\QueueLib\cppunit-1.13.2\include\cppunit/SourceLine.h(56): warning C4251: 'CppUnit::SourceLine::m_fileName' : class 'std::basic_string<_Elem,_Traits,_Ax>' needs to have dll-interface to be used by clients of class 'CppUnit::SourceLine'
                 with
                 [
                     _Elem=char,
                     _Traits=std::char_traits<char>,
                     _Ax=std::allocator<char>
                 ]
     1>F:\Programacion\EjercicioAscentio\QueueLib\cppunit-1.13.2\include\cppunit/Exception.h(82): warning C4251: 'CppUnit::Exception::m_whatMessage' : class 'std::basic_string<_Elem,_Traits,_Ax>' needs to have dll-interface to be used by clients of class 'CppUnit::Exception'
                 with
                 [
                     _Elem=char,
                     _Traits=std::char_traits<char>,
                     _Ax=std::allocator<char>
                 ]
         TextTestProgressListener.cpp
         TestSuccessListener.cpp
         BriefTestProgressListener.cpp
         TextTestRunner.cpp
         XmlOutputterHook.cpp
         Generating Code...
         Compiling...
         XmlOutputter.cpp
     1>F:\Programacion\EjercicioAscentio\QueueLib\cppunit-1.13.2\include\cppunit/SourceLine.h(56): warning C4251: 'CppUnit::SourceLine::m_fileName' : class 'std::basic_string<_Elem,_Traits,_Ax>' needs to have dll-interface to be used by clients of class 'CppUnit::SourceLine'
                 with
                 [
                     _Elem=char,
                     _Traits=std::char_traits<char>,
                     _Ax=std::allocator<char>
                 ]
     1>F:\Programacion\EjercicioAscentio\QueueLib\cppunit-1.13.2\include\cppunit/Exception.h(82): warning C4251: 'CppUnit::Exception::m_whatMessage' : class 'std::basic_string<_Elem,_Traits,_Ax>' needs to have dll-interface to be used by clients of class 'CppUnit::Exception'
                 with
                 [
                     _Elem=char,
                     _Traits=std::char_traits<char>,
                     _Ax=std::allocator<char>
                 ]
         TextOutputter.cpp
     1>F:\Programacion\EjercicioAscentio\QueueLib\cppunit-1.13.2\include\cppunit/SourceLine.h(56): warning C4251: 'CppUnit::SourceLine::m_fileName' : class 'std::basic_string<_Elem,_Traits,_Ax>' needs to have dll-interface to be used by clients of class 'CppUnit::SourceLine'
                 with
                 [
                     _Elem=char,
                     _Traits=std::char_traits<char>,
                     _Ax=std::allocator<char>
                 ]
     1>F:\Programacion\EjercicioAscentio\QueueLib\cppunit-1.13.2\include\cppunit/Exception.h(82): warning C4251: 'CppUnit::Exception::m_whatMessage' : class 'std::basic_string<_Elem,_Traits,_Ax>' needs to have dll-interface to be used by clients of class 'CppUnit::Exception'
                 with
                 [
                     _Elem=char,
                     _Traits=std::char_traits<char>,
                     _Ax=std::allocator<char>
                 ]
         TestResultCollector.cpp
         CompilerOutputter.cpp
     1>F:\Programacion\EjercicioAscentio\QueueLib\cppunit-1.13.2\include\cppunit/SourceLine.h(56): warning C4251: 'CppUnit::SourceLine::m_fileName' : class 'std::basic_string<_Elem,_Traits,_Ax>' needs to have dll-interface to be used by clients of class 'CppUnit::SourceLine'
                 with
                 [
                     _Elem=char,
                     _Traits=std::char_traits<char>,
                     _Ax=std::allocator<char>
                 ]
     1>F:\Programacion\EjercicioAscentio\QueueLib\cppunit-1.13.2\include\cppunit/Exception.h(82): warning C4251: 'CppUnit::Exception::m_whatMessage' : class 'std::basic_string<_Elem,_Traits,_Ax>' needs to have dll-interface to be used by clients of class 'CppUnit::Exception'
                 with
                 [
                     _Elem=char,
                     _Traits=std::char_traits<char>,
                     _Ax=std::allocator<char>
                 ]
     1>F:\Programacion\EjercicioAscentio\QueueLib\cppunit-1.13.2\include\cppunit/CompilerOutputter.h(138): warning C4251: 'CppUnit::CompilerOutputter::m_locationFormat' : class 'std::basic_string<_Elem,_Traits,_Ax>' needs to have dll-interface to be used by clients of class 'CppUnit::CompilerOutputter'
                 with
                 [
                     _Elem=char,
                     _Traits=std::char_traits<char>,
                     _Ax=std::allocator<char>
                 ]
         TestSuite.cpp
         TestRunner.cpp
         TestResult.cpp
     1>F:\Programacion\EjercicioAscentio\QueueLib\cppunit-1.13.2\include\cppunit/SourceLine.h(56): warning C4251: 'CppUnit::SourceLine::m_fileName' : class 'std::basic_string<_Elem,_Traits,_Ax>' needs to have dll-interface to be used by clients of class 'CppUnit::SourceLine'
                 with
                 [
                     _Elem=char,
                     _Traits=std::char_traits<char>,
                     _Ax=std::allocator<char>
                 ]
     1>f:\programacion\ejercicioascentio\queuelib\cppunit-1.13.2\src\cppunit\ProtectorContext.h(31): warning C4251: 'CppUnit::ProtectorContext::m_shortDescription' : class 'std::basic_string<_Elem,_Traits,_Ax>' needs to have dll-interface to be used by clients of class 'CppUnit::ProtectorContext'
                 with
                 [
                     _Elem=char,
                     _Traits=std::char_traits<char>,
                     _Ax=std::allocator<char>
                 ]
         TestPath.cpp
         TestLeaf.cpp
         TestFailure.cpp
     1>F:\Programacion\EjercicioAscentio\QueueLib\cppunit-1.13.2\include\cppunit/SourceLine.h(56): warning C4251: 'CppUnit::SourceLine::m_fileName' : class 'std::basic_string<_Elem,_Traits,_Ax>' needs to have dll-interface to be used by clients of class 'CppUnit::SourceLine'
                 with
                 [
                     _Elem=char,
                     _Traits=std::char_traits<char>,
                     _Ax=std::allocator<char>
                 ]
     1>F:\Programacion\EjercicioAscentio\QueueLib\cppunit-1.13.2\include\cppunit/Exception.h(82): warning C4251: 'CppUnit::Exception::m_whatMessage' : class 'std::basic_string<_Elem,_Traits,_Ax>' needs to have dll-interface to be used by clients of class 'CppUnit::Exception'
                 with
                 [
                     _Elem=char,
                     _Traits=std::char_traits<char>,
                     _Ax=std::allocator<char>
                 ]
         TestComposite.cpp
     1>F:\Programacion\EjercicioAscentio\QueueLib\cppunit-1.13.2\include\cppunit/TestComposite.h(39): warning C4251: 'CppUnit::TestComposite::m_name' : class 'std::basic_string<_Elem,_Traits,_Ax>' needs to have dll-interface to be used by clients of class 'CppUnit::TestComposite'
                 with
                 [
                     _Elem=char,
                     _Traits=std::char_traits<char>,
                     _Ax=std::allocator<char>
                 ]
         TestCase.cpp
     1>F:\Programacion\EjercicioAscentio\QueueLib\cppunit-1.13.2\include\cppunit/SourceLine.h(56): warning C4251: 'CppUnit::SourceLine::m_fileName' : class 'std::basic_string<_Elem,_Traits,_Ax>' needs to have dll-interface to be used by clients of class 'CppUnit::SourceLine'
                 with
                 [
                     _Elem=char,
                     _Traits=std::char_traits<char>,
                     _Ax=std::allocator<char>
                 ]
     1>F:\Programacion\EjercicioAscentio\QueueLib\cppunit-1.13.2\include\cppunit/Exception.h(82): warning C4251: 'CppUnit::Exception::m_whatMessage' : class 'std::basic_string<_Elem,_Traits,_Ax>' needs to have dll-interface to be used by clients of class 'CppUnit::Exception'
                 with
                 [
                     _Elem=char,
                     _Traits=std::char_traits<char>,
                     _Ax=std::allocator<char>
                 ]
     1>F:\Programacion\EjercicioAscentio\QueueLib\cppunit-1.13.2\include\cppunit/TestCase.h(50): warning C4251: 'CppUnit::TestCase::m_name' : class 'std::basic_string<_Elem,_Traits,_Ax>' needs to have dll-interface to be used by clients of class 'CppUnit::TestCase'
                 with
                 [
                     _Elem=char,
                     _Traits=std::char_traits<char>,
                     _Ax=std::allocator<char>
                 ]
         TestAssert.cpp
     1>F:\Programacion\EjercicioAscentio\QueueLib\cppunit-1.13.2\include\cppunit/SourceLine.h(56): warning C4251: 'CppUnit::SourceLine::m_fileName' : class 'std::basic_string<_Elem,_Traits,_Ax>' needs to have dll-interface to be used by clients of class 'CppUnit::SourceLine'
                 with
                 [
                     _Elem=char,
                     _Traits=std::char_traits<char>,
                     _Ax=std::allocator<char>
                 ]
     1>F:\Programacion\EjercicioAscentio\QueueLib\cppunit-1.13.2\include\cppunit/Exception.h(82): warning C4251: 'CppUnit::Exception::m_whatMessage' : class 'std::basic_string<_Elem,_Traits,_Ax>' needs to have dll-interface to be used by clients of class 'CppUnit::Exception'
                 with
                 [
                     _Elem=char,
                     _Traits=std::char_traits<char>,
                     _Ax=std::allocator<char>
                 ]
         Test.cpp
         SynchronizedObject.cpp
         SourceLine.cpp
     1>F:\Programacion\EjercicioAscentio\QueueLib\cppunit-1.13.2\include\cppunit/SourceLine.h(56): warning C4251: 'CppUnit::SourceLine::m_fileName' : class 'std::basic_string<_Elem,_Traits,_Ax>' needs to have dll-interface to be used by clients of class 'CppUnit::SourceLine'
                 with
                 [
                     _Elem=char,
                     _Traits=std::char_traits<char>,
                     _Ax=std::allocator<char>
                 ]
         Message.cpp
         Exception.cpp
     1>F:\Programacion\EjercicioAscentio\QueueLib\cppunit-1.13.2\include\cppunit/SourceLine.h(56): warning C4251: 'CppUnit::SourceLine::m_fileName' : class 'std::basic_string<_Elem,_Traits,_Ax>' needs to have dll-interface to be used by clients of class 'CppUnit::SourceLine'
                 with
                 [
                     _Elem=char,
                     _Traits=std::char_traits<char>,
                     _Ax=std::allocator<char>
                 ]
     1>F:\Programacion\EjercicioAscentio\QueueLib\cppunit-1.13.2\include\cppunit/Exception.h(82): warning C4251: 'CppUnit::Exception::m_whatMessage' : class 'std::basic_string<_Elem,_Traits,_Ax>' needs to have dll-interface to be used by clients of class 'CppUnit::Exception'
                 with
                 [
                     _Elem=char,
                     _Traits=std::char_traits<char>,
                     _Ax=std::allocator<char>
                 ]
         Asserter.cpp
     1>F:\Programacion\EjercicioAscentio\QueueLib\cppunit-1.13.2\include\cppunit/SourceLine.h(56): warning C4251: 'CppUnit::SourceLine::m_fileName' : class 'std::basic_string<_Elem,_Traits,_Ax>' needs to have dll-interface to be used by clients of class 'CppUnit::SourceLine'
                 with
                 [
                     _Elem=char,
                     _Traits=std::char_traits<char>,
                     _Ax=std::allocator<char>
                 ]
     1>F:\Programacion\EjercicioAscentio\QueueLib\cppunit-1.13.2\include\cppunit/Exception.h(82): warning C4251: 'CppUnit::Exception::m_whatMessage' : class 'std::basic_string<_Elem,_Traits,_Ax>' needs to have dll-interface to be used by clients of class 'CppUnit::Exception'
                 with
                 [
                     _Elem=char,
                     _Traits=std::char_traits<char>,
                     _Ax=std::allocator<char>
                 ]
         AdditionalMessage.cpp
         Generating Code...
         Compiling...
         TypeInfoHelper.cpp
         TestSuiteBuilderContext.cpp
     1>F:\Programacion\EjercicioAscentio\QueueLib\cppunit-1.13.2\include\cppunit/extensions/TestNamer.h(82): warning C4251: 'CppUnit::TestNamer::m_fixtureName' : class 'std::basic_string<_Elem,_Traits,_Ax>' needs to have dll-interface to be used by clients of class 'CppUnit::TestNamer'
                 with
                 [
                     _Elem=char,
                     _Traits=std::char_traits<char>,
                     _Ax=std::allocator<char>
                 ]
         TestNamer.cpp
     1>F:\Programacion\EjercicioAscentio\QueueLib\cppunit-1.13.2\include\cppunit/extensions/TestNamer.h(82): warning C4251: 'CppUnit::TestNamer::m_fixtureName' : class 'std::basic_string<_Elem,_Traits,_Ax>' needs to have dll-interface to be used by clients of class 'CppUnit::TestNamer'
                 with
                 [
                     _Elem=char,
                     _Traits=std::char_traits<char>,
                     _Ax=std::allocator<char>
                 ]
         TestFactoryRegistry.cpp
         TestSetUp.cpp
         TestDecorator.cpp
         TestCaseDecorator.cpp
     1>F:\Programacion\EjercicioAscentio\QueueLib\cppunit-1.13.2\include\cppunit/SourceLine.h(56): warning C4251: 'CppUnit::SourceLine::m_fileName' : class 'std::basic_string<_Elem,_Traits,_Ax>' needs to have dll-interface to be used by clients of class 'CppUnit::SourceLine'
                 with
                 [
                     _Elem=char,
                     _Traits=std::char_traits<char>,
                     _Ax=std::allocator<char>
                 ]
     1>F:\Programacion\EjercicioAscentio\QueueLib\cppunit-1.13.2\include\cppunit/Exception.h(82): warning C4251: 'CppUnit::Exception::m_whatMessage' : class 'std::basic_string<_Elem,_Traits,_Ax>' needs to have dll-interface to be used by clients of class 'CppUnit::Exception'
                 with
                 [
                     _Elem=char,
                     _Traits=std::char_traits<char>,
                     _Ax=std::allocator<char>
                 ]
     1>F:\Programacion\EjercicioAscentio\QueueLib\cppunit-1.13.2\include\cppunit/TestCase.h(50): warning C4251: 'CppUnit::TestCase::m_name' : class 'std::basic_string<_Elem,_Traits,_Ax>' needs to have dll-interface to be used by clients of class 'CppUnit::TestCase'
                 with
                 [
                     _Elem=char,
                     _Traits=std::char_traits<char>,
                     _Ax=std::allocator<char>
                 ]
         RepeatedTest.cpp
         DllMain.cpp
         Generating Code...
       ManifestResourceCompile:
         C:\Program Files (x86)\Microsoft SDKs\Windows\v7.0A\bin\rc.exe /nologo /fo".\DebugDll\cppunitd_dll.dll.embed.manifest.res" .\DebugDll\cppunitd_dll_manifest.rc 
       Link:
         c:\Program Files (x86)\Microsoft Visual Studio 10.0\VC\bin\link.exe /ERRORREPORT:PROMPT /OUT:"DebugDll\cppunitd_dll.dll" /INCREMENTAL /NOLOGO kernel32.lib user32.lib gdi32.lib winspool.lib comdlg32.lib advapi32.lib shell32.lib ole32.lib oleaut32.lib uuid.lib odbc32.lib odbccp32.lib /MANIFEST /ManifestFile:".\DebugDll\cppunitd_dll.dll.intermediate.manifest" /MANIFESTUAC:"level='asInvoker' uiAccess='false'" /DEBUG /PDB:"..\..\lib\cppunitd_dll.pdb" /TLBID:1 /DYNAMICBASE:NO /IMPLIB:".\DebugDll/cppunitd_dll.lib" /MACHINE:X86 /DLL .\DebugDll\cppunitd_dll.dll.embed.manifest.res
         .\DebugDll/DllMain.obj
         .\DebugDll/RepeatedTest.obj
         .\DebugDll/TestCaseDecorator.obj
         .\DebugDll/TestDecorator.obj
         .\DebugDll/TestSetUp.obj
         .\DebugDll/TestFactoryRegistry.obj
         .\DebugDll/TestNamer.obj
         .\DebugDll/TestSuiteBuilderContext.obj
         .\DebugDll/TypeInfoHelper.obj
         .\DebugDll/AdditionalMessage.obj
         .\DebugDll/Asserter.obj
         .\DebugDll/Exception.obj
         .\DebugDll/Message.obj
         .\DebugDll/SourceLine.obj
         .\DebugDll/SynchronizedObject.obj
         .\DebugDll/Test.obj
         .\DebugDll/TestAssert.obj
         .\DebugDll/TestCase.obj
         .\DebugDll/TestComposite.obj
         .\DebugDll/TestFailure.obj
         .\DebugDll/TestLeaf.obj
         .\DebugDll/TestPath.obj
         .\DebugDll/TestResult.obj
         .\DebugDll/TestRunner.obj
         .\DebugDll/TestSuite.obj
         .\DebugDll/CompilerOutputter.obj
         .\DebugDll/TestResultCollector.obj
         .\DebugDll/TextOutputter.obj
         .\DebugDll/XmlOutputter.obj
         .\DebugDll/XmlOutputterHook.obj
         .\DebugDll/TextTestRunner.obj
         .\DebugDll/BriefTestProgressListener.obj
         .\DebugDll/TestSuccessListener.obj
         .\DebugDll/TextTestProgressListener.obj
         .\DebugDll/TextTestResult.obj
         .\DebugDll/BeosDynamicLibraryManager.obj
         .\DebugDll/DynamicLibraryManager.obj
         .\DebugDll/DynamicLibraryManagerException.obj
         .\DebugDll/PlugInManager.obj
         .\DebugDll/PlugInParameters.obj
         .\DebugDll/TestPlugInDefaultImpl.obj
         .\DebugDll/UnixDynamicLibraryManager.obj
         .\DebugDll/Win32DynamicLibraryManager.obj
         .\DebugDll/StringTools.obj
         .\DebugDll/XmlDocument.obj
         .\DebugDll/XmlElement.obj
         .\DebugDll/DefaultProtector.obj
         .\DebugDll/Protector.obj
         .\DebugDll/ProtectorChain.obj
            Creating library .\DebugDll/cppunitd_dll.lib and object .\DebugDll/cppunitd_dll.exp
       Manifest:
         C:\Program Files (x86)\Microsoft SDKs\Windows\v7.0A\bin\mt.exe /nologo /verbose /out:".\DebugDll\cppunitd_dll.dll.embed.manifest" /manifest .\DebugDll\cppunitd_dll.dll.intermediate.manifest
         C:\Program Files (x86)\Microsoft SDKs\Windows\v7.0A\bin\rc.exe /nologo /fo".\DebugDll\cppunitd_dll.dll.embed.manifest.res" .\DebugDll\cppunitd_dll_manifest.rc 
       LinkEmbedManifest:
         c:\Program Files (x86)\Microsoft Visual Studio 10.0\VC\bin\link.exe /ERRORREPORT:PROMPT /OUT:"DebugDll\cppunitd_dll.dll" /INCREMENTAL /NOLOGO kernel32.lib user32.lib gdi32.lib winspool.lib comdlg32.lib advapi32.lib shell32.lib ole32.lib oleaut32.lib uuid.lib odbc32.lib odbccp32.lib /MANIFEST /ManifestFile:".\DebugDll\cppunitd_dll.dll.intermediate.manifest" /MANIFESTUAC:"level='asInvoker' uiAccess='false'" /DEBUG /PDB:"..\..\lib\cppunitd_dll.pdb" /TLBID:1 /DYNAMICBASE:NO /IMPLIB:".\DebugDll/cppunitd_dll.lib" /MACHINE:X86 /DLL .\DebugDll\cppunitd_dll.dll.embed.manifest.res
         .\DebugDll/DllMain.obj
         .\DebugDll/RepeatedTest.obj
         .\DebugDll/TestCaseDecorator.obj
         .\DebugDll/TestDecorator.obj
         .\DebugDll/TestSetUp.obj
         .\DebugDll/TestFactoryRegistry.obj
         .\DebugDll/TestNamer.obj
         .\DebugDll/TestSuiteBuilderContext.obj
         .\DebugDll/TypeInfoHelper.obj
         .\DebugDll/AdditionalMessage.obj
         .\DebugDll/Asserter.obj
         .\DebugDll/Exception.obj
         .\DebugDll/Message.obj
         .\DebugDll/SourceLine.obj
         .\DebugDll/SynchronizedObject.obj
         .\DebugDll/Test.obj
         .\DebugDll/TestAssert.obj
         .\DebugDll/TestCase.obj
         .\DebugDll/TestComposite.obj
         .\DebugDll/TestFailure.obj
         .\DebugDll/TestLeaf.obj
         .\DebugDll/TestPath.obj
         .\DebugDll/TestResult.obj
         .\DebugDll/TestRunner.obj
         .\DebugDll/TestSuite.obj
         .\DebugDll/CompilerOutputter.obj
         .\DebugDll/TestResultCollector.obj
         .\DebugDll/TextOutputter.obj
         .\DebugDll/XmlOutputter.obj
         .\DebugDll/XmlOutputterHook.obj
         .\DebugDll/TextTestRunner.obj
         .\DebugDll/BriefTestProgressListener.obj
         .\DebugDll/TestSuccessListener.obj
         .\DebugDll/TextTestProgressListener.obj
         .\DebugDll/TextTestResult.obj
         .\DebugDll/BeosDynamicLibraryManager.obj
         .\DebugDll/DynamicLibraryManager.obj
         .\DebugDll/DynamicLibraryManagerException.obj
         .\DebugDll/PlugInManager.obj
         .\DebugDll/PlugInParameters.obj
         .\DebugDll/TestPlugInDefaultImpl.obj
         .\DebugDll/UnixDynamicLibraryManager.obj
         .\DebugDll/Win32DynamicLibraryManager.obj
         .\DebugDll/StringTools.obj
         .\DebugDll/XmlDocument.obj
         .\DebugDll/XmlElement.obj
         .\DebugDll/DefaultProtector.obj
         .\DebugDll/Protector.obj
         .\DebugDll/ProtectorChain.obj
            Creating library .\DebugDll/cppunitd_dll.lib and object .\DebugDll/cppunitd_dll.exp
         cppunit_dll.vcxproj -> F:\Programacion\EjercicioAscentio\QueueLib\cppunit-1.13.2\src\cppunit\.\DebugDll\cppunitd_dll.dll
       FinalizeBuildStatus:
         Deleting file ".\DebugDll\cppunit_dll.unsuccessfulbuild".
         Touching ".\DebugDll\cppunit_dll.lastbuildstate".
     1>Done Building Project "F:\Programacion\EjercicioAscentio\QueueLib\cppunit-1.13.2\src\cppunit\cppunit_dll.vcxproj" (build target(s)).

Build succeeded.

Time Elapsed 00:00:18.29
